<?xml version="1.0" encoding="UTF-8"?>
<!-- Generated by org.testng.reporters.JUnitXMLReporter -->
<testsuite ignored="0" hostname="DESKTOP-D22G2PF" failures="1" tests="1" name="Validate Products page title" time="6.665" errors="0" timestamp="2021-04-13T19:43:14 IST">
  <testcase classname="codingChallenge.mapsynq.ValidateProductsPageTitle" name="ValidateProductsTitle" time="3.461">
    <failure type="java.lang.AssertionError" message="Product Title does not match expected [Product] but found [PRODUCTS]">
      <![CDATA[java.lang.AssertionError: Product Title does not match expected [Product] but found [PRODUCTS]
at codingChallenge.mapsynq.ValidateProductsPageTitle.ValidateProductsTitle(ValidateProductsPageTitle.java:38)
at java.base/java.util.ArrayList.forEach(ArrayList.java:1511)
at java.base/java.util.concurrent.FutureTask.run(FutureTask.java:264)
at java.base/java.util.concurrent.ThreadPoolExecutor.runWorker(ThreadPoolExecutor.java:1130)
at java.base/java.util.concurrent.ThreadPoolExecutor$Worker.run(ThreadPoolExecutor.java:630)
at java.base/java.lang.Thread.run(Thread.java:832)
... Removed 23 stack frames]]>
    </failure>
  </testcase> <!-- ValidateProductsTitle -->
</testsuite> <!-- Validate Products page title -->
