<?xml version="1.0" encoding="UTF-8"?>
<testng-results ignored="0" total="4" passed="3" failed="1" skipped="0">
  <reporter-output>
  </reporter-output>
  <suite started-at="2021-04-13T19:43:08 IST" name="Suite" finished-at="2021-04-13T19:43:14 IST" duration-ms="6665">
    <groups>
    </groups>
    <test started-at="2021-04-13T19:43:08 IST" name="Validate Add to Cart functionality" finished-at="2021-04-13T19:43:13 IST" duration-ms="5782">
      <class name="codingChallenge.mapsynq.ClickAddToCartTest">
        <test-method is-config="true" signature="initializeTest()[pri:0, instance:codingChallenge.mapsynq.ClickAddToCartTest@6743e411]" started-at="2021-04-13T19:43:08 IST" name="initializeTest" finished-at="2021-04-13T19:43:09 IST" duration-ms="1704" status="PASS">
          <reporter-output>
          </reporter-output>
        </test-method> <!-- initializeTest -->
        <test-method signature="AddCartTest()[pri:0, instance:codingChallenge.mapsynq.ClickAddToCartTest@6743e411]" started-at="2021-04-13T19:43:09 IST" name="AddCartTest" finished-at="2021-04-13T19:43:13 IST" duration-ms="3359" status="PASS">
          <reporter-output>
          </reporter-output>
        </test-method> <!-- AddCartTest -->
        <test-method is-config="true" signature="tearDownTest()[pri:0, instance:codingChallenge.mapsynq.ClickAddToCartTest@6743e411]" started-at="2021-04-13T19:43:13 IST" name="tearDownTest" finished-at="2021-04-13T19:43:13 IST" duration-ms="690" status="PASS">
          <reporter-output>
          </reporter-output>
        </test-method> <!-- tearDownTest -->
      </class> <!-- codingChallenge.mapsynq.ClickAddToCartTest -->
    </test> <!-- Validate Add to Cart functionality -->
    <test started-at="2021-04-13T19:43:08 IST" name="Validate user login" finished-at="2021-04-13T19:43:14 IST" duration-ms="5952">
      <class name="codingChallenge.mapsynq.HomePage">
        <test-method is-config="true" signature="initialize()[pri:0, instance:codingChallenge.mapsynq.HomePage@443118b0]" started-at="2021-04-13T19:43:08 IST" name="initialize" finished-at="2021-04-13T19:43:09 IST" duration-ms="1691" status="PASS">
          <reporter-output>
          </reporter-output>
        </test-method> <!-- initialize -->
        <test-method signature="basePageNavigation(java.lang.String,java.lang.String,java.lang.String)[pri:0, instance:codingChallenge.mapsynq.HomePage@443118b0]" started-at="2021-04-13T19:43:09 IST" name="basePageNavigation" data-provider="getData" finished-at="2021-04-13T19:43:12 IST" duration-ms="3123" status="PASS">
          <params>
            <param index="0">
              <value>
                <![CDATA[standard_user]]>
              </value>
            </param>
            <param index="1">
              <value>
                <![CDATA[secret_sauce]]>
              </value>
            </param>
            <param index="2">
              <value>
                <![CDATA[valid User]]>
              </value>
            </param>
          </params>
          <reporter-output>
          </reporter-output>
        </test-method> <!-- basePageNavigation -->
        <test-method signature="basePageNavigation(java.lang.String,java.lang.String,java.lang.String)[pri:0, instance:codingChallenge.mapsynq.HomePage@443118b0]" started-at="2021-04-13T19:43:12 IST" name="basePageNavigation" data-provider="getData" finished-at="2021-04-13T19:43:13 IST" duration-ms="423" status="PASS">
          <params>
            <param index="0">
              <value>
                <![CDATA[locked_out_user]]>
              </value>
            </param>
            <param index="1">
              <value>
                <![CDATA[secret_sauce]]>
              </value>
            </param>
            <param index="2">
              <value>
                <![CDATA[2nd valid User]]>
              </value>
            </param>
          </params>
          <reporter-output>
          </reporter-output>
        </test-method> <!-- basePageNavigation -->
        <test-method is-config="true" signature="tearDown()[pri:0, instance:codingChallenge.mapsynq.HomePage@443118b0]" started-at="2021-04-13T19:43:13 IST" name="tearDown" finished-at="2021-04-13T19:43:14 IST" duration-ms="672" status="PASS">
          <reporter-output>
          </reporter-output>
        </test-method> <!-- tearDown -->
      </class> <!-- codingChallenge.mapsynq.HomePage -->
    </test> <!-- Validate user login -->
    <test started-at="2021-04-13T19:43:08 IST" name="Validate Products page title" finished-at="2021-04-13T19:43:14 IST" duration-ms="6665">
      <class name="codingChallenge.mapsynq.ValidateProductsPageTitle">
        <test-method is-config="true" signature="initializeTest()[pri:0, instance:codingChallenge.mapsynq.ValidateProductsPageTitle@3eb738bb]" started-at="2021-04-13T19:43:08 IST" name="initializeTest" finished-at="2021-04-13T19:43:09 IST" duration-ms="1917" status="PASS">
          <reporter-output>
          </reporter-output>
        </test-method> <!-- initializeTest -->
        <test-method signature="ValidateProductsTitle()[pri:0, instance:codingChallenge.mapsynq.ValidateProductsPageTitle@3eb738bb]" started-at="2021-04-13T19:43:09 IST" name="ValidateProductsTitle" finished-at="2021-04-13T19:43:13 IST" duration-ms="3461" status="FAIL">
          <exception class="java.lang.AssertionError">
            <message>
              <![CDATA[Product Title does not match expected [Product] but found [PRODUCTS]]]>
            </message>
            <full-stacktrace>
              <![CDATA[java.lang.AssertionError: Product Title does not match expected [Product] but found [PRODUCTS]
at org.testng.Assert.fail(Assert.java:99)
at org.testng.Assert.failNotEquals(Assert.java:1037)
at org.testng.Assert.assertEqualsImpl(Assert.java:140)
at org.testng.Assert.assertEquals(Assert.java:122)
at org.testng.Assert.assertEquals(Assert.java:629)
at codingChallenge.mapsynq.ValidateProductsPageTitle.ValidateProductsTitle(ValidateProductsPageTitle.java:38)
at java.base/jdk.internal.reflect.NativeMethodAccessorImpl.invoke0(Native Method)
at java.base/jdk.internal.reflect.NativeMethodAccessorImpl.invoke(NativeMethodAccessorImpl.java:64)
at java.base/jdk.internal.reflect.DelegatingMethodAccessorImpl.invoke(DelegatingMethodAccessorImpl.java:43)
at java.base/java.lang.reflect.Method.invoke(Method.java:564)
at org.testng.internal.MethodInvocationHelper.invokeMethod(MethodInvocationHelper.java:133)
at org.testng.internal.TestInvoker.invokeMethod(TestInvoker.java:598)
at org.testng.internal.TestInvoker.invokeTestMethod(TestInvoker.java:173)
at org.testng.internal.MethodRunner.runInSequence(MethodRunner.java:46)
at org.testng.internal.TestInvoker$MethodInvocationAgent.invoke(TestInvoker.java:824)
at org.testng.internal.TestInvoker.invokeTestMethods(TestInvoker.java:146)
at org.testng.internal.TestMethodWorker.invokeTestMethods(TestMethodWorker.java:146)
at org.testng.internal.TestMethodWorker.run(TestMethodWorker.java:128)
at java.base/java.util.ArrayList.forEach(ArrayList.java:1511)
at org.testng.TestRunner.privateRun(TestRunner.java:794)
at org.testng.TestRunner.run(TestRunner.java:596)
at org.testng.SuiteRunner.runTest(SuiteRunner.java:377)
at org.testng.SuiteRunner.access$000(SuiteRunner.java:28)
at org.testng.SuiteRunner$SuiteWorker.run(SuiteRunner.java:418)
at org.testng.internal.thread.ThreadUtil.lambda$execute$0(ThreadUtil.java:64)
at java.base/java.util.concurrent.FutureTask.run(FutureTask.java:264)
at java.base/java.util.concurrent.ThreadPoolExecutor.runWorker(ThreadPoolExecutor.java:1130)
at java.base/java.util.concurrent.ThreadPoolExecutor$Worker.run(ThreadPoolExecutor.java:630)
at java.base/java.lang.Thread.run(Thread.java:832)
]]>
            </full-stacktrace>
          </exception> <!-- java.lang.AssertionError -->
          <reporter-output>
          </reporter-output>
        </test-method> <!-- ValidateProductsTitle -->
        <test-method is-config="true" signature="tearDownTest()[pri:0, instance:codingChallenge.mapsynq.ValidateProductsPageTitle@3eb738bb]" started-at="2021-04-13T19:43:14 IST" name="tearDownTest" finished-at="2021-04-13T19:43:14 IST" duration-ms="650" status="PASS">
          <reporter-output>
          </reporter-output>
        </test-method> <!-- tearDownTest -->
      </class> <!-- codingChallenge.mapsynq.ValidateProductsPageTitle -->
    </test> <!-- Validate Products page title -->
  </suite> <!-- Suite -->
</testng-results>
