<?xml version="1.0" encoding="UTF-8"?>
<testng-results ignored="0" total="1" passed="0" failed="1" skipped="0">
  <reporter-output>
  </reporter-output>
  <suite started-at="2021-04-11T20:48:15 IST" name="Default suite" finished-at="2021-04-11T20:48:20 IST" duration-ms="5774">
    <groups>
    </groups>
    <test started-at="2021-04-11T20:48:15 IST" name="Default test" finished-at="2021-04-11T20:48:20 IST" duration-ms="5774">
      <class name="codingChallenge.mapsynq.ValidateProductsPageTitle">
        <test-method is-config="true" signature="initializeTest()[pri:0, instance:codingChallenge.mapsynq.ValidateProductsPageTitle@4313f5bc]" started-at="2021-04-11T20:48:15 IST" name="initializeTest" finished-at="2021-04-11T20:48:16 IST" duration-ms="1538" status="PASS">
          <reporter-output>
          </reporter-output>
        </test-method> <!-- initializeTest -->
        <test-method signature="ValidateProductsTitle()[pri:0, instance:codingChallenge.mapsynq.ValidateProductsPageTitle@4313f5bc]" started-at="2021-04-11T20:48:16 IST" name="ValidateProductsTitle" finished-at="2021-04-11T20:48:20 IST" duration-ms="3562" status="FAIL">
          <exception class="java.lang.AssertionError">
            <message>
              <![CDATA[Product Title does not match expected [Products] but found [PRODUCTS]]]>
            </message>
            <full-stacktrace>
              <![CDATA[java.lang.AssertionError: Product Title does not match expected [Products] but found [PRODUCTS]
at org.testng.Assert.fail(Assert.java:99)
at org.testng.Assert.failNotEquals(Assert.java:1037)
at org.testng.Assert.assertEqualsImpl(Assert.java:140)
at org.testng.Assert.assertEquals(Assert.java:122)
at org.testng.Assert.assertEquals(Assert.java:629)
at codingChallenge.mapsynq.ValidateProductsPageTitle.ValidateProductsTitle(ValidateProductsPageTitle.java:38)
at java.base/jdk.internal.reflect.NativeMethodAccessorImpl.invoke0(Native Method)
at java.base/jdk.internal.reflect.NativeMethodAccessorImpl.invoke(NativeMethodAccessorImpl.java:64)
at java.base/jdk.internal.reflect.DelegatingMethodAccessorImpl.invoke(DelegatingMethodAccessorImpl.java:43)
at java.base/java.lang.reflect.Method.invoke(Method.java:564)
at org.testng.internal.MethodInvocationHelper.invokeMethod(MethodInvocationHelper.java:132)
at org.testng.internal.TestInvoker.invokeMethod(TestInvoker.java:599)
at org.testng.internal.TestInvoker.invokeTestMethod(TestInvoker.java:174)
at org.testng.internal.MethodRunner.runInSequence(MethodRunner.java:46)
at org.testng.internal.TestInvoker$MethodInvocationAgent.invoke(TestInvoker.java:822)
at org.testng.internal.TestInvoker.invokeTestMethods(TestInvoker.java:147)
at org.testng.internal.TestMethodWorker.invokeTestMethods(TestMethodWorker.java:146)
at org.testng.internal.TestMethodWorker.run(TestMethodWorker.java:128)
at java.base/java.util.ArrayList.forEach(ArrayList.java:1511)
at org.testng.TestRunner.privateRun(TestRunner.java:764)
at org.testng.TestRunner.run(TestRunner.java:585)
at org.testng.SuiteRunner.runTest(SuiteRunner.java:384)
at org.testng.SuiteRunner.runSequentially(SuiteRunner.java:378)
at org.testng.SuiteRunner.privateRun(SuiteRunner.java:337)
at org.testng.SuiteRunner.run(SuiteRunner.java:286)
at org.testng.SuiteRunnerWorker.runSuite(SuiteRunnerWorker.java:53)
at org.testng.SuiteRunnerWorker.run(SuiteRunnerWorker.java:96)
at org.testng.TestNG.runSuitesSequentially(TestNG.java:1218)
at org.testng.TestNG.runSuitesLocally(TestNG.java:1140)
at org.testng.TestNG.runSuites(TestNG.java:1069)
at org.testng.TestNG.run(TestNG.java:1037)
at org.testng.remote.AbstractRemoteTestNG.run(AbstractRemoteTestNG.java:115)
at org.testng.remote.RemoteTestNG.initAndRun(RemoteTestNG.java:251)
at org.testng.remote.RemoteTestNG.main(RemoteTestNG.java:77)
]]>
            </full-stacktrace>
          </exception> <!-- java.lang.AssertionError -->
          <reporter-output>
          </reporter-output>
        </test-method> <!-- ValidateProductsTitle -->
        <test-method is-config="true" signature="tearDownTest()[pri:0, instance:codingChallenge.mapsynq.ValidateProductsPageTitle@4313f5bc]" started-at="2021-04-11T20:48:20 IST" name="tearDownTest" finished-at="2021-04-11T20:48:20 IST" duration-ms="650" status="PASS">
          <reporter-output>
          </reporter-output>
        </test-method> <!-- tearDownTest -->
      </class> <!-- codingChallenge.mapsynq.ValidateProductsPageTitle -->
    </test> <!-- Default test -->
  </suite> <!-- Default suite -->
</testng-results>
